<?xml version="1.0" encoding="UTF-8"?>
<coverage generated="1751819499">
  <project timestamp="1751819499" name="Clover Coverage">
    <package name="MircoKl\Shop\Domain\Model">
      <file name="/Users/mircoklein/Development/studium/Softwaretechnik/cart/Classes/Domain/Model/ShoppingCart.php">
        <class name="MircoKl\Shop\Domain\Model\ShoppingCart" namespace="MircoKl\Shop\Domain\Model">
          <metrics complexity="12" methods="5" coveredmethods="4" conditionals="0" coveredconditionals="0" statements="20" coveredstatements="19" elements="25" coveredelements="23"/>
        </class>
        <line num="20" type="method" name="getTotal" visibility="public" complexity="2" crap="2" count="4"/>
        <line num="22" type="stmt" count="4"/>
        <line num="23" type="stmt" count="4"/>
        <line num="24" type="stmt" count="2"/>
        <line num="26" type="stmt" count="4"/>
        <line num="36" type="method" name="addItem" visibility="public" complexity="3" crap="3" count="6"/>
        <line num="38" type="stmt" count="6"/>
        <line num="39" type="stmt" count="1"/>
        <line num="42" type="stmt" count="5"/>
        <line num="43" type="stmt" count="1"/>
        <line num="46" type="stmt" count="4"/>
        <line num="54" type="method" name="getQuantity" visibility="public" complexity="3" crap="3" count="1"/>
        <line num="56" type="stmt" count="1"/>
        <line num="57" type="stmt" count="1"/>
        <line num="58" type="stmt" count="1"/>
        <line num="59" type="stmt" count="1"/>
        <line num="62" type="stmt" count="1"/>
        <line num="71" type="method" name="removeItem" visibility="public" complexity="3" crap="3" count="2"/>
        <line num="73" type="stmt" count="2"/>
        <line num="74" type="stmt" count="1"/>
        <line num="75" type="stmt" count="1"/>
        <line num="76" type="stmt" count="1"/>
        <line num="79" type="stmt" count="1"/>
        <line num="86" type="method" name="debugList" visibility="public" complexity="1" crap="2" count="0"/>
        <line num="88" type="stmt" count="0"/>
        <metrics loc="91" ncloc="59" classes="1" methods="5" coveredmethods="4" conditionals="0" coveredconditionals="0" statements="20" coveredstatements="19" elements="25" coveredelements="23"/>
      </file>
    </package>
    <package name="MircoKl\Shop\Service">
      <file name="/Users/mircoklein/Development/studium/Softwaretechnik/cart/Classes/Service/OrderService.php">
        <class name="MircoKl\Shop\Service\OrderService" namespace="MircoKl\Shop\Service">
          <metrics complexity="2" methods="2" coveredmethods="2" conditionals="0" coveredconditionals="0" statements="3" coveredstatements="3" elements="5" coveredelements="5"/>
        </class>
        <line num="16" type="method" name="__construct" visibility="public" complexity="1" crap="1" count="1"/>
        <line num="18" type="stmt" count="1"/>
        <line num="26" type="method" name="calculateFinalPrice" visibility="public" complexity="1" crap="1" count="1"/>
        <line num="28" type="stmt" count="1"/>
        <line num="29" type="stmt" count="1"/>
        <metrics loc="32" ncloc="24" classes="1" methods="2" coveredmethods="2" conditionals="0" coveredconditionals="0" statements="3" coveredstatements="3" elements="5" coveredelements="5"/>
      </file>
    </package>
    <metrics files="2" loc="123" ncloc="83" classes="2" methods="7" coveredmethods="6" conditionals="0" coveredconditionals="0" statements="23" coveredstatements="22" elements="30" coveredelements="28"/>
  </project>
</coverage>
